[01/01/2026 23:36:38] INFO: {POST} /auth/register
[01/01/2026 23:36:38] DEBUG: the request return with status code: 400
[01/01/2026 23:40:33] INFO: {POST} /auth/register
[01/01/2026 23:40:33] DEBUG: the request return with status code: 400
[01/01/2026 23:43:27] INFO: {POST} /auth/register
[01/01/2026 23:43:27] DEBUG: the request return with status code: 400
[01/01/2026 23:45:34] INFO: {POST} /auth/register
[01/01/2026 23:45:34] DEBUG: the request return with status code: 200
[01/01/2026 23:45:34] INFO: User created with username: 专 砖专
[01/01/2026 23:45:34] INFO: User 123456789 registered successfully
[01/01/2026 23:49:10] INFO: {POST} /auth/register
[01/01/2026 23:49:10] DEBUG: the request return with status code: 200
[01/01/2026 23:49:10] INFO: User created with username:  住转
[01/01/2026 23:49:10] INFO: User 987654321 registered successfully
[01/01/2026 23:50:58] INFO: {POST} /auth/login
[01/01/2026 23:50:58] DEBUG: the request return with status code: 200
[01/01/2026 23:50:58] INFO: User 123456789 logged in successfully
[01/01/2026 23:54:23] INFO: {POST} /teacher/assignments
[01/01/2026 23:54:23] WARN: Missing token in request
[01/01/2026 23:54:23] DEBUG: the request return with status code: 401
[02/01/2026 00:00:22] INFO: {POST} /teacher/assignments
[02/01/2026 00:00:22] INFO: Token verified for user ID: 123456789
[02/01/2026 00:00:22] DEBUG: the user is: undefined
[02/01/2026 00:00:22] DEBUG: the request return with status code: 403
[02/01/2026 00:00:56] INFO: {POST} /teacher/assignments
[02/01/2026 00:00:56] ERROR!: Invalid token: JsonWebTokenError: invalid token
[02/01/2026 00:00:56] DEBUG: the request return with status code: 401
[02/01/2026 00:01:21] INFO: {POST} /teacher/assignments
[02/01/2026 00:01:21] INFO: Token verified for user ID: 123456789
[02/01/2026 00:01:21] DEBUG: the user is: undefined
[02/01/2026 00:01:21] DEBUG: the request return with status code: 403
[02/01/2026 00:10:36] INFO: {POST} /teacher/assignments
[02/01/2026 00:10:36] INFO: Token verified for user ID: 123456789
[02/01/2026 00:10:36] DEBUG: the user is: undefined
[02/01/2026 00:10:36] DEBUG: the request return with status code: 403
[02/01/2026 00:14:12] INFO: {POST} /auth/register
[02/01/2026 00:14:12] DEBUG: the request return with status code: 200
[02/01/2026 00:14:12] INFO: User created with username: 转 专
[02/01/2026 00:14:12] INFO: User 111222333 registered successfully
[02/01/2026 00:16:09] INFO: {POST} /auth/login
[02/01/2026 00:16:09] DEBUG: the request return with status code: 200
[02/01/2026 00:16:09] INFO: User 111222333 logged in successfully
[02/01/2026 00:20:44] INFO: {GET} /teacher/assignments
[02/01/2026 00:20:44] INFO: Token verified for user ID: 111222333
[02/01/2026 00:20:44] DEBUG: the user is: undefined
[02/01/2026 00:20:44] DEBUG: the request return with status code: 403
[02/01/2026 00:24:20] INFO: {POST} /auth/login
[02/01/2026 00:24:20] DEBUG: the request return with status code: 200
[02/01/2026 00:24:20] INFO: User 111222333 logged in successfully
[02/01/2026 00:25:03] INFO: {GET} /teacher/assignments
[02/01/2026 00:25:03] INFO: Token verified for user ID: 111222333
[02/01/2026 00:25:03] DEBUG: the user is: undefined
[02/01/2026 00:25:03] DEBUG: the request return with status code: 403
[02/01/2026 00:25:37] INFO: {POST} /auth/login
[02/01/2026 00:25:37] DEBUG: the request return with status code: 200
[02/01/2026 00:25:37] INFO: User 111222333 logged in successfully
[02/01/2026 00:28:02] INFO: {GET} /teacher/assignments
[02/01/2026 00:28:02] INFO: Token verified for user ID: 111222333
[02/01/2026 00:28:02] DEBUG: the user is: undefined
[02/01/2026 00:28:02] DEBUG: the request return with status code: 403
[02/01/2026 00:37:03] INFO: {POST} /auth/login
[02/01/2026 00:37:03] DEBUG: the request return with status code: 200
[02/01/2026 00:37:03] INFO: User 111222333 logged in successfully
[02/01/2026 00:41:07] INFO: {POST} /auth/login
[02/01/2026 00:41:07] DEBUG: the request return with status code: 200
[02/01/2026 00:41:07] INFO: User 111222333 logged in successfully with role: teacher
[02/01/2026 00:43:32] INFO: {GET} /teacher/assignments
[02/01/2026 00:43:32] INFO: Token verified for user ID: 111222333
[02/01/2026 00:43:32] DEBUG: the user is: undefined
[02/01/2026 00:43:32] DEBUG: the request return with status code: 200
[02/01/2026 00:46:10] INFO: {POST} /teacher/assignments
[02/01/2026 00:46:10] INFO: Token verified for user ID: 111222333
[02/01/2026 00:46:10] DEBUG: the user is: undefined
[02/01/2026 00:46:10] DEBUG: the request return with status code: 200
[02/01/2026 00:46:10] ERROR!: Error creating assignment: ValidationError: Id: Path `Id` is required.
[02/01/2026 00:49:39] INFO: {POST} /teacher/assignments
[02/01/2026 00:49:39] INFO: Token verified for user ID: 111222333
[02/01/2026 00:49:39] DEBUG: the user is: undefined
[02/01/2026 00:49:39] DEBUG: the request return with status code: 200
[02/01/2026 00:49:39] ERROR!: Error creating assignment: ValidationError: Id: Path `Id` is required.
[02/01/2026 01:01:22] INFO: {POST} /auth/login
[02/01/2026 01:01:22] DEBUG: the request return with status code: 200
[02/01/2026 01:01:22] INFO: User 111222333 logged in successfully with role: teacher
[02/01/2026 01:02:30] INFO: {POST} /teacher/assignments
[02/01/2026 01:02:30] INFO: Token verified for user ID: 111222333
[02/01/2026 01:02:30] DEBUG: the user is: undefined
[02/01/2026 01:02:30] DEBUG: the user is: 111222333
[02/01/2026 01:02:30] DEBUG: the request return with status code: 200
[02/01/2026 01:02:30] INFO: Assignment created: ASSIGN-101
[02/01/2026 01:27:45] INFO: {POST} /auth/login
[02/01/2026 01:27:45] DEBUG: the request return with status code: 200
[02/01/2026 01:27:45] INFO: User 987654321 logged in successfully with role: student
[02/01/2026 01:29:58] INFO: {GET} /student/assignment
[02/01/2026 01:29:58] INFO: Token verified for user ID: 987654321
[02/01/2026 01:29:58] DEBUG: the request return with status code: 200
[02/01/2026 01:38:57] INFO: {POST} /student/submissions
[02/01/2026 01:38:57] INFO: Token verified for user ID: 987654321
[02/01/2026 01:38:57] DEBUG: the request return with status code: 200
[02/01/2026 01:38:57] ERROR!: Error in createSubmission: ValidationError: partner: Cast to ObjectId failed for value "驻爪" (type string) at path "partner" because of "BSONError"
[02/01/2026 01:39:16] INFO: {POST} /student/submission
[02/01/2026 01:39:16] INFO: Token verified for user ID: 987654321
[02/01/2026 01:39:16] DEBUG: the request return with status code: 200
[02/01/2026 01:39:25] INFO: {POST} /student/submissions
[02/01/2026 01:39:25] INFO: Token verified for user ID: 987654321
[02/01/2026 01:39:25] DEBUG: the request return with status code: 200
[02/01/2026 01:39:25] ERROR!: Error in createSubmission: ValidationError: partner: Cast to ObjectId failed for value "驻爪" (type string) at path "partner" because of "BSONError"
[02/01/2026 01:44:02] INFO: {POST} /auth/register
[02/01/2026 01:44:02] DEBUG: the request return with status code: 200
[02/01/2026 01:44:02] INFO: User created with username: 转 住转
[02/01/2026 01:44:02] INFO: User 999888777 registered successfully
[02/01/2026 01:44:52] INFO: {POST} /student/submissions
[02/01/2026 01:44:52] INFO: Token verified for user ID: 987654321
[02/01/2026 01:44:52] DEBUG: the request return with status code: 200
[02/01/2026 01:44:52] ERROR!: Error in createSubmission: ValidationError: partner: Cast to ObjectId failed for value "999888777" (type string) at path "partner" because of "BSONError"
[02/01/2026 01:49:02] INFO: {POST} /student/submissions
[02/01/2026 01:49:02] INFO: Token verified for user ID: 987654321
[02/01/2026 01:49:02] DEBUG: the request return with status code: 200
[02/01/2026 01:49:02] INFO: New submission added for assignment ASSIGN-101 by student 987654321
[02/01/2026 01:51:42] INFO: {GET} /teacher/submissions
[02/01/2026 01:51:42] WARN: Missing token in request
[02/01/2026 01:51:42] DEBUG: the request return with status code: 401
[02/01/2026 01:52:29] INFO: {GET} /teacher/submissions
[02/01/2026 01:52:29] INFO: Token verified for user ID: 111222333
[02/01/2026 01:52:29] DEBUG: the user is: undefined
[02/01/2026 01:52:29] DEBUG: the request return with status code: 200
[02/01/2026 01:52:29] ERROR!: Error retrieving submissions: CastError: Cast to ObjectId failed for value "ASSIGN-101" (type string) at path "_id" for model "Assignment"
[02/01/2026 01:57:56] INFO: {GET} /teacher/submissions
[02/01/2026 01:57:56] INFO: Token verified for user ID: 111222333
[02/01/2026 01:57:56] DEBUG: the user is: undefined
[02/01/2026 01:57:56] DEBUG: the request return with status code: 200
[02/01/2026 01:57:56] ERROR!: Error retrieving submissions: CastError: Cast to ObjectId failed for value "ASSIGN-101" (type string) at path "_id" for model "Assignment"
