[02/01/2026 00:00:56] ERROR!: Invalid token: JsonWebTokenError: invalid token
[02/01/2026 00:46:10] ERROR!: Error creating assignment: ValidationError: Id: Path `Id` is required.
[02/01/2026 00:49:39] ERROR!: Error creating assignment: ValidationError: Id: Path `Id` is required.
[02/01/2026 01:38:57] ERROR!: Error in createSubmission: ValidationError: partner: Cast to ObjectId failed for value "אופציונלי" (type string) at path "partner" because of "BSONError"
[02/01/2026 01:39:25] ERROR!: Error in createSubmission: ValidationError: partner: Cast to ObjectId failed for value "אופציונלי" (type string) at path "partner" because of "BSONError"
[02/01/2026 01:44:52] ERROR!: Error in createSubmission: ValidationError: partner: Cast to ObjectId failed for value "999888777" (type string) at path "partner" because of "BSONError"
[02/01/2026 01:52:29] ERROR!: Error retrieving submissions: CastError: Cast to ObjectId failed for value "ASSIGN-101" (type string) at path "_id" for model "Assignment"
[02/01/2026 01:57:56] ERROR!: Error retrieving submissions: CastError: Cast to ObjectId failed for value "ASSIGN-101" (type string) at path "_id" for model "Assignment"
[02/01/2026 02:48:37] ERROR!: Error: Cannot destructure property 'Id' of 'req.body' as it is undefined.
[02/01/2026 02:49:03] ERROR!: Error: Cannot destructure property 'Id' of 'req.body' as it is undefined.
[04/01/2026 01:49:16] ERROR!: Error creating user: MongoServerError: E11000 duplicate key error collection: Sari_Bulvin_And_Chani_Shtadler_DB.users index: password_1 dup key: { password: "Password123" }
[04/01/2026 01:49:16] ERROR!: Error registering user: MongoServerError: E11000 duplicate key error collection: Sari_Bulvin_And_Chani_Shtadler_DB.users index: password_1 dup key: { password: "Password123" }
[04/01/2026 03:18:40] ERROR!: Error retrieving submissions for student 987654321: CastError: Cast to ObjectId failed for value "ASSIGN-101" (type string) at path "_id" for model "Assignment"
[04/01/2026 03:18:40] ERROR!: Error retrieving submissions for student 987654321: CastError: Cast to ObjectId failed for value "ASSIGN-101" (type string) at path "_id" for model "Assignment"
[04/01/2026 03:18:53] ERROR!: Error retrieving submissions for student 987654321: CastError: Cast to ObjectId failed for value "ASSIGN-101" (type string) at path "_id" for model "Assignment"
[04/01/2026 03:18:56] ERROR!: Error retrieving submissions for student 987654321: CastError: Cast to ObjectId failed for value "ASSIGN-101" (type string) at path "_id" for model "Assignment"
[04/01/2026 03:18:57] ERROR!: Error retrieving submissions for student 987654321: CastError: Cast to ObjectId failed for value "ASSIGN-101" (type string) at path "_id" for model "Assignment"
[04/01/2026 03:18:58] ERROR!: Error retrieving submissions for student 987654321: CastError: Cast to ObjectId failed for value "ASSIGN-101" (type string) at path "_id" for model "Assignment"
[04/01/2026 03:18:59] ERROR!: Error retrieving submissions for student 987654321: CastError: Cast to ObjectId failed for value "ASSIGN-101" (type string) at path "_id" for model "Assignment"
[04/01/2026 03:18:59] ERROR!: Error retrieving submissions for student 987654321: CastError: Cast to ObjectId failed for value "ASSIGN-101" (type string) at path "_id" for model "Assignment"
[04/01/2026 03:23:20] ERROR!: Error retrieving submissions for student 987654321: CastError: Cast to ObjectId failed for value "ASSIGN-101" (type string) at path "_id" for model "Assignment"
[04/01/2026 03:23:20] ERROR!: Error retrieving submissions for student 987654321: CastError: Cast to ObjectId failed for value "ASSIGN-101" (type string) at path "_id" for model "Assignment"
[04/01/2026 03:23:23] ERROR!: Error retrieving submissions for student 987654321: CastError: Cast to ObjectId failed for value "ASSIGN-101" (type string) at path "_id" for model "Assignment"
[04/01/2026 03:23:24] ERROR!: Error retrieving submissions for student 987654321: CastError: Cast to ObjectId failed for value "ASSIGN-101" (type string) at path "_id" for model "Assignment"
[04/01/2026 03:23:38] ERROR!: Error retrieving submissions for student 987654321: CastError: Cast to ObjectId failed for value "ASSIGN-101" (type string) at path "_id" for model "Assignment"
[04/01/2026 03:23:40] ERROR!: Error retrieving submissions for student 987654321: CastError: Cast to ObjectId failed for value "ASSIGN-101" (type string) at path "_id" for model "Assignment"
[04/01/2026 03:26:27] ERROR!: Error retrieving submissions for student 987654321: CastError: Cast to ObjectId failed for value "ASSIGN-101" (type string) at path "_id" for model "Assignment"
[04/01/2026 03:26:27] ERROR!: Error retrieving submissions for student 987654321: CastError: Cast to ObjectId failed for value "ASSIGN-101" (type string) at path "_id" for model "Assignment"
[04/01/2026 03:27:23] ERROR!: Error retrieving submissions for student 987654321: CastError: Cast to ObjectId failed for value "ASSIGN-101" (type string) at path "_id" for model "Assignment"
[04/01/2026 03:27:30] ERROR!: Error retrieving submissions for student 987654321: CastError: Cast to ObjectId failed for value "ASSIGN-101" (type string) at path "_id" for model "Assignment"
[04/01/2026 03:27:31] ERROR!: Error retrieving submissions for student 987654321: CastError: Cast to ObjectId failed for value "ASSIGN-101" (type string) at path "_id" for model "Assignment"
[04/01/2026 03:27:31] ERROR!: Error retrieving submissions for student 987654321: CastError: Cast to ObjectId failed for value "ASSIGN-101" (type string) at path "_id" for model "Assignment"
[04/01/2026 03:29:41] ERROR!: Error retrieving submissions for student 987654321: CastError: Cast to ObjectId failed for value "ASSIGN-101" (type string) at path "_id" for model "Assignment"
[04/01/2026 03:29:41] ERROR!: Error retrieving submissions for student 987654321: CastError: Cast to ObjectId failed for value "ASSIGN-101" (type string) at path "_id" for model "Assignment"
[04/01/2026 03:39:39] ERROR!: Error retrieving submissions for student 987654321: CastError: Cast to ObjectId failed for value "ASSIGN-101" (type string) at path "_id" for model "Assignment"
[04/01/2026 03:39:39] ERROR!: Error retrieving submissions for student 987654321: CastError: Cast to ObjectId failed for value "ASSIGN-101" (type string) at path "_id" for model "Assignment"
[04/01/2026 03:39:52] ERROR!: Error retrieving submissions for student 987654321: CastError: Cast to ObjectId failed for value "ASSIGN-101" (type string) at path "_id" for model "Assignment"
[04/01/2026 03:39:58] ERROR!: Error retrieving submissions for student 987654321: CastError: Cast to ObjectId failed for value "ASSIGN-101" (type string) at path "_id" for model "Assignment"
[04/01/2026 03:40:13] ERROR!: Error retrieving submissions for student 987654321: CastError: Cast to ObjectId failed for value "ASSIGN-101" (type string) at path "_id" for model "Assignment"
[04/01/2026 03:48:56] ERROR!: Error retrieving submissions for student 987654321: CastError: Cast to ObjectId failed for value "ASSIGN-101" (type string) at path "_id" for model "Assignment"
[04/01/2026 03:48:56] ERROR!: Error retrieving submissions for student 987654321: CastError: Cast to ObjectId failed for value "ASSIGN-101" (type string) at path "_id" for model "Assignment"
[04/01/2026 03:49:05] ERROR!: Error retrieving submissions for student 987654321: CastError: Cast to ObjectId failed for value "ASSIGN-101" (type string) at path "_id" for model "Assignment"
[04/01/2026 03:56:37] ERROR!: Error retrieving submissions for student 987654321: CastError: Cast to ObjectId failed for value "ASSIGN-101" (type string) at path "_id" for model "Assignment"
[04/01/2026 03:56:37] ERROR!: Error retrieving submissions for student 987654321: CastError: Cast to ObjectId failed for value "ASSIGN-101" (type string) at path "_id" for model "Assignment"
[04/01/2026 03:56:40] ERROR!: Error retrieving submissions for student 987654321: CastError: Cast to ObjectId failed for value "ASSIGN-101" (type string) at path "_id" for model "Assignment"
[04/01/2026 03:56:54] ERROR!: Error retrieving submissions for student 987654321: CastError: Cast to ObjectId failed for value "ASSIGN-101" (type string) at path "_id" for model "Assignment"
[04/01/2026 03:56:56] ERROR!: Error retrieving submissions for student 987654321: CastError: Cast to ObjectId failed for value "ASSIGN-101" (type string) at path "_id" for model "Assignment"
